<?xml version="1.0" encoding="UTF-8"?>
<!-- Generated by org.testng.reporters.JUnitXMLReporter -->
<testsuite ignored="0" hostname="DESKTOP-BEE35AR" failures="1" tests="1" name="SellerJourneyFlow" time="92.903" errors="0" timestamp="2024-06-02T12:46:27 IST">
  <testcase classname="Bizupautomation.testCases.SellerJourney" name="SellerJourneyFlow" time="78.969">
    <failure type="java.lang.AssertionError" message="Seller Tushar Fashion is not removed from the section after doing Enquiry ❌">
      <![CDATA[java.lang.AssertionError: Seller Tushar Fashion is not removed from the section after doing Enquiry ❌
at buyer.pageObjects.Android.HomeObj.sellerRemoveCheck(HomeObj.java:241)
at Bizupautomation.testCases.SellerJourney.SellerJourneyFlow(SellerJourney.java:29)
at java.base/java.util.ArrayList.forEach(ArrayList.java:1596)
... Removed 26 stack frames]]>
    </failure>
  </testcase> <!-- SellerJourneyFlow -->
</testsuite> <!-- SellerJourneyFlow -->
